[2020-07-13T21:42:13.655] [DEBUG] cheese - login => username:admin,password:123456
[2020-07-13T21:42:13.656] [DEBUG] cheese - admin
[2020-07-13T21:42:13.668] [DEBUG] cheese - null
[2020-07-13T21:42:13.669] [DEBUG] cheese - null
[2020-07-19T18:41:38.810] [DEBUG] cheese - login => username:zs12,password:123323
[2020-07-19T18:41:38.812] [DEBUG] cheese - zs12
[2020-07-19T18:41:38.855] [DEBUG] cheese - null
[2020-07-19T18:41:38.856] [DEBUG] cheese - null
[2020-07-19T18:42:57.444] [DEBUG] cheese - login => username:zs123,password:12343232
[2020-07-19T18:42:57.444] [DEBUG] cheese - zs123
[2020-07-19T18:42:57.447] [DEBUG] cheese - null
[2020-07-19T18:42:57.447] [DEBUG] cheese - null
[2020-07-19T18:44:41.881] [DEBUG] cheese - login => username:zs23,password:123432
[2020-07-19T18:44:41.881] [DEBUG] cheese - zs23
[2020-07-19T18:44:41.885] [DEBUG] cheese - null
[2020-07-19T18:44:41.885] [DEBUG] cheese - null
[2020-07-19T18:50:08.796] [DEBUG] cheese - login => username:admin,password:123456
[2020-07-19T18:50:08.796] [DEBUG] cheese - admin
[2020-07-19T18:50:08.809] [DEBUG] cheese - null
[2020-07-19T18:50:08.809] [DEBUG] cheese - null
[2020-07-19T18:58:37.830] [DEBUG] cheese - login => username:admin,password:123456
[2020-07-19T18:58:37.830] [DEBUG] cheese - admin
[2020-07-19T18:58:37.832] [DEBUG] cheese - null
[2020-07-19T18:58:37.832] [DEBUG] cheese - null
[2020-07-19T19:05:07.249] [DEBUG] cheese - login => username:admin,password:123456
[2020-07-19T19:05:07.250] [DEBUG] cheese - admin
[2020-07-19T19:05:07.254] [DEBUG] cheese - null
[2020-07-19T19:05:07.254] [DEBUG] cheese - null
[2020-07-19T19:43:25.063] [DEBUG] cheese - login => username:admin,password:123456
[2020-07-19T19:43:25.063] [DEBUG] cheese - admin
[2020-07-19T19:43:25.067] [DEBUG] cheese - null
[2020-07-19T19:43:25.067] [DEBUG] cheese - null
[2020-07-19T20:12:55.658] [DEBUG] cheese - login => username:admin,password:123456
[2020-07-19T20:12:55.658] [DEBUG] cheese - admin
[2020-07-19T20:12:55.662] [DEBUG] cheese - null
[2020-07-19T20:12:55.662] [DEBUG] cheese - null
[2020-07-19T20:13:00.608] [DEBUG] cheese - login => username:admin,password:123456
[2020-07-19T20:13:00.608] [DEBUG] cheese - admin
[2020-07-19T20:13:00.611] [DEBUG] cheese - null
[2020-07-19T20:13:00.611] [DEBUG] cheese - null
[2020-07-19T20:13:15.076] [DEBUG] cheese - login => username:admin,password:123456
[2020-07-19T20:13:15.076] [DEBUG] cheese - admin
[2020-07-19T20:13:15.079] [DEBUG] cheese - null
[2020-07-19T20:13:15.079] [DEBUG] cheese - null
[2020-07-19T20:13:20.141] [DEBUG] cheese - login => username:admin,password:123456
[2020-07-19T20:13:20.141] [DEBUG] cheese - admin
[2020-07-19T20:13:20.144] [DEBUG] cheese - null
[2020-07-19T20:13:20.145] [DEBUG] cheese - null
[2020-07-19T20:56:56.749] [DEBUG] cheese - login => username:admin,password:123456
[2020-07-19T20:56:56.749] [DEBUG] cheese - admin
[2020-07-19T20:56:56.752] [DEBUG] cheese - null
[2020-07-19T20:56:56.753] [DEBUG] cheese - null
[2020-07-25T16:49:15.263] [DEBUG] cheese - login => username:admin,password:123456
[2020-07-25T16:49:15.265] [DEBUG] cheese - admin
[2020-07-25T16:49:15.297] [DEBUG] cheese - null
[2020-07-25T16:49:15.298] [DEBUG] cheese - null
[2020-07-25T16:57:09.881] [DEBUG] cheese - login => username:admin,password:123456
[2020-07-25T16:57:09.881] [DEBUG] cheese - admin
[2020-07-25T16:57:09.885] [DEBUG] cheese - null
[2020-07-25T16:57:09.886] [DEBUG] cheese - null
[2020-07-25T18:14:49.751] [DEBUG] cheese - login => username:admin,password:123456
[2020-07-25T18:14:49.752] [DEBUG] cheese - admin
[2020-07-25T18:14:49.770] [DEBUG] cheese - null
[2020-07-25T18:14:49.771] [DEBUG] cheese - null
[2020-07-27T21:35:22.917] [DEBUG] cheese - login => username:admin,password:132564653
[2020-07-27T21:35:22.921] [DEBUG] cheese - admin
[2020-07-27T21:35:22.959] [DEBUG] cheese - null
[2020-07-27T21:35:22.960] [DEBUG] cheese - null
[2020-07-27T21:35:33.760] [DEBUG] cheese - login => username:admin,password:123456
[2020-07-27T21:35:33.761] [DEBUG] cheese - admin
[2020-07-27T21:35:33.766] [DEBUG] cheese - null
[2020-07-27T21:35:33.766] [DEBUG] cheese - null
[2020-07-27T21:35:55.551] [DEBUG] cheese - login => username:admin,password:123456
[2020-07-27T21:35:55.551] [DEBUG] cheese - admin
[2020-07-27T21:35:55.554] [DEBUG] cheese - null
[2020-07-27T21:35:55.555] [DEBUG] cheese - null
[2020-07-27T22:21:52.295] [DEBUG] cheese - login => username:admin,password:123456
[2020-07-27T22:21:52.295] [DEBUG] cheese - admin
[2020-07-27T22:21:52.308] [DEBUG] cheese - null
[2020-07-27T22:21:52.309] [DEBUG] cheese - null
[2020-07-29T20:01:48.305] [DEBUG] cheese - login => username:admin,password:123456
[2020-07-29T20:01:48.306] [DEBUG] cheese - admin
[2020-07-29T20:01:48.341] [DEBUG] cheese - null
[2020-07-29T20:01:48.342] [DEBUG] cheese - null
[2020-07-30T19:50:16.350] [DEBUG] cheese - login => username:admin,password:123456
[2020-07-30T19:50:16.352] [DEBUG] cheese - admin
[2020-07-30T19:50:16.384] [DEBUG] cheese - null
[2020-07-30T19:50:16.385] [DEBUG] cheese - null
[2020-08-01T18:55:51.253] [DEBUG] cheese - login => username:admin,password:123456
[2020-08-01T18:55:51.254] [DEBUG] cheese - admin
[2020-08-01T18:55:51.289] [DEBUG] cheese - null
[2020-08-01T18:55:51.289] [DEBUG] cheese - null
[2020-08-02T20:31:00.224] [DEBUG] cheese - login => username:admin,password:123456
[2020-08-02T20:31:00.227] [DEBUG] cheese - admin
[2020-08-02T20:31:00.280] [DEBUG] cheese - null
[2020-08-02T20:31:00.280] [DEBUG] cheese - null
[2020-08-03T20:52:03.938] [DEBUG] cheese - login => username:admin,password:123456
[2020-08-03T20:52:03.939] [DEBUG] cheese - admin
[2020-08-03T20:52:03.960] [DEBUG] cheese - null
[2020-08-03T20:52:03.961] [DEBUG] cheese - null
[2020-08-04T21:28:14.417] [DEBUG] cheese - login => username:admin,password:123456
[2020-08-04T21:28:14.418] [DEBUG] cheese - admin
[2020-08-04T21:28:14.439] [DEBUG] cheese - null
[2020-08-04T21:28:14.439] [DEBUG] cheese - null
[2020-08-05T19:14:20.719] [DEBUG] cheese - login => username:admin,password:123456
[2020-08-05T19:14:20.719] [DEBUG] cheese - admin
[2020-08-05T19:14:20.733] [DEBUG] cheese - null
[2020-08-05T19:14:20.733] [DEBUG] cheese - null
[2020-08-05T20:39:30.525] [DEBUG] cheese - login => username:admin,password:123456
[2020-08-05T20:39:30.525] [DEBUG] cheese - admin
[2020-08-05T20:39:30.529] [DEBUG] cheese - null
[2020-08-05T20:39:30.529] [DEBUG] cheese - null
[2020-08-05T20:56:00.910] [DEBUG] cheese - login => username:admin,password:123456
[2020-08-05T20:56:00.910] [DEBUG] cheese - admin
[2020-08-05T20:56:00.914] [DEBUG] cheese - null
[2020-08-05T20:56:00.914] [DEBUG] cheese - null
[2020-08-06T20:50:21.966] [DEBUG] cheese - login => username:admin,password:123456
[2020-08-06T20:50:21.968] [DEBUG] cheese - admin
[2020-08-06T20:50:21.996] [DEBUG] cheese - null
[2020-08-06T20:50:21.997] [DEBUG] cheese - null
[2020-08-07T21:06:15.357] [DEBUG] cheese - login => username:admin,password:123456
[2020-08-07T21:06:15.359] [DEBUG] cheese - admin
[2020-08-07T21:06:15.370] [DEBUG] cheese - null
[2020-08-07T21:06:15.370] [DEBUG] cheese - null
[2020-08-07T21:24:37.616] [DEBUG] cheese - login => username:admin,password:123456
[2020-08-07T21:24:37.618] [DEBUG] cheese - admin
[2020-08-07T21:24:37.628] [DEBUG] cheese - null
[2020-08-07T21:24:37.629] [DEBUG] cheese - null
[2020-08-07T21:25:45.704] [DEBUG] cheese - null
[2020-08-07T21:32:06.668] [DEBUG] cheese - null
[2020-08-14T19:35:18.607] [DEBUG] cheese - login => username:admin,password:123456
[2020-08-14T19:35:18.608] [DEBUG] cheese - admin
[2020-08-14T19:35:18.642] [DEBUG] cheese - null
[2020-08-14T19:35:18.642] [DEBUG] cheese - null
[2020-08-14T20:08:27.232] [DEBUG] cheese - null
[2020-08-15T11:14:52.213] [DEBUG] cheese - login => username:admin,password:123456
[2020-08-15T11:14:52.215] [DEBUG] cheese - admin
[2020-08-15T11:14:52.264] [DEBUG] cheese - null
[2020-08-15T11:14:52.265] [DEBUG] cheese - null
[2020-08-17T20:03:35.951] [DEBUG] cheese - login => username:admin,password:123456
[2020-08-17T20:03:35.952] [DEBUG] cheese - admin
[2020-08-17T20:03:35.989] [DEBUG] cheese - null
[2020-08-17T20:03:35.990] [DEBUG] cheese - null
[2020-08-18T21:04:53.825] [DEBUG] cheese - login => username:admin,password:123456
[2020-08-18T21:04:53.826] [DEBUG] cheese - admin
[2020-08-18T21:04:53.857] [DEBUG] cheese - null
[2020-08-18T21:04:53.858] [DEBUG] cheese - null
[2020-10-27T20:05:53.597] [DEBUG] cheese - login => username:admin,password:123456
[2020-10-27T20:05:53.603] [DEBUG] cheese - admin
[2020-10-27T20:05:53.640] [DEBUG] cheese - null
[2020-10-27T20:05:53.641] [DEBUG] cheese - null
[2021-03-06T21:41:27.727] [DEBUG] cheese - login => username:admin,password:123456
[2021-03-06T21:41:27.729] [DEBUG] cheese - admin
[2021-03-06T21:41:27.768] [DEBUG] cheese - null
[2021-03-06T21:41:27.769] [DEBUG] cheese - null
[2021-03-06T21:41:31.868] [DEBUG] cheese - login => username:admin,password:123456
[2021-03-06T21:41:31.868] [DEBUG] cheese - admin
[2021-03-06T21:41:31.871] [DEBUG] cheese - null
[2021-03-06T21:41:31.871] [DEBUG] cheese - null
[2021-03-08T16:42:27.512] [DEBUG] cheese - login => username:admin,password:123456
[2021-03-08T16:42:27.516] [DEBUG] cheese - admin
[2021-03-08T16:42:27.673] [DEBUG] cheese - { inspect: [Function: inspect] }
[2021-03-08T16:42:27.675] [DEBUG] cheese - 查询失败
[2021-03-08T16:42:28.576] [DEBUG] cheese - login => username:admin,password:123456
[2021-03-08T16:42:28.576] [DEBUG] cheese - admin
[2021-03-08T16:42:28.581] [DEBUG] cheese - { inspect: [Function: inspect] }
[2021-03-08T16:42:28.582] [DEBUG] cheese - 查询失败
[2021-03-08T16:43:02.642] [DEBUG] cheese - login => username:admin,password:123456
[2021-03-08T16:43:02.642] [DEBUG] cheese - admin
[2021-03-08T16:43:02.645] [DEBUG] cheese - { inspect: [Function: inspect] }
[2021-03-08T16:43:02.645] [DEBUG] cheese - 查询失败
[2021-03-08T18:01:21.288] [DEBUG] cheese - login => username:admin,password:123456
[2021-03-08T18:01:21.289] [DEBUG] cheese - admin
[2021-03-08T18:01:21.300] [DEBUG] cheese - { inspect: [Function: inspect] }
[2021-03-08T18:01:21.302] [DEBUG] cheese - 查询失败
[2021-03-08T18:08:31.736] [DEBUG] cheese - login => username:admin,password:123456
[2021-03-08T18:08:31.736] [DEBUG] cheese - admin
[2021-03-08T18:08:31.743] [DEBUG] cheese - { inspect: [Function: inspect] }
[2021-03-08T18:08:31.743] [DEBUG] cheese - 查询失败
[2021-03-08T18:08:34.215] [DEBUG] cheese - login => username:admin,password:123456
[2021-03-08T18:08:34.215] [DEBUG] cheese - admin
[2021-03-08T18:08:34.219] [DEBUG] cheese - { inspect: [Function: inspect] }
[2021-03-08T18:08:34.220] [DEBUG] cheese - 查询失败
[2021-03-08T18:13:56.256] [DEBUG] cheese - login => username:admin,password:123456
[2021-03-08T18:39:58.605] [DEBUG] cheese - login => username:admin,password:123456
[2021-03-08T18:39:58.607] [DEBUG] cheese - admin
[2021-03-08T18:39:58.617] [DEBUG] cheese - { inspect: [Function: inspect] }
[2021-03-08T18:39:58.619] [DEBUG] cheese - 查询失败
[2021-03-08T18:39:59.446] [DEBUG] cheese - login => username:admin,password:123456
[2021-03-08T18:39:59.446] [DEBUG] cheese - admin
[2021-03-08T18:39:59.449] [DEBUG] cheese - { inspect: [Function: inspect] }
[2021-03-08T18:39:59.450] [DEBUG] cheese - 查询失败
[2021-03-08T21:40:02.466] [DEBUG] cheese - login => username:admin,password:123456
[2021-03-08T21:40:02.468] [DEBUG] cheese - admin
[2021-03-08T21:40:02.560] [DEBUG] cheese - { inspect: [Function: inspect] }
[2021-03-08T21:40:02.562] [DEBUG] cheese - 查询失败
[2021-03-08T21:40:08.959] [DEBUG] cheese - login => username:admin,password:123456
[2021-03-08T21:40:08.959] [DEBUG] cheese - admin
[2021-03-08T21:40:08.962] [DEBUG] cheese - { inspect: [Function: inspect] }
[2021-03-08T21:40:08.962] [DEBUG] cheese - 查询失败
[2021-03-08T21:43:17.332] [DEBUG] cheese - login => username:admin,password:123456
[2021-03-08T21:43:17.332] [DEBUG] cheese - admin
[2021-03-08T21:43:17.337] [DEBUG] cheese - { inspect: [Function: inspect] }
[2021-03-08T21:43:17.337] [DEBUG] cheese - 查询失败
[2021-03-08T22:05:38.311] [DEBUG] cheese - login => username:admin,password:123456
[2021-03-08T22:05:38.311] [DEBUG] cheese - admin
[2021-03-08T22:05:38.316] [DEBUG] cheese - { inspect: [Function: inspect] }
[2021-03-08T22:05:38.316] [DEBUG] cheese - 查询失败
[2021-03-08T22:16:37.163] [DEBUG] cheese - login => username:admin,password:123456
[2021-03-08T22:16:37.164] [DEBUG] cheese - admin
[2021-03-08T22:16:37.168] [DEBUG] cheese - { inspect: [Function: inspect] }
[2021-03-08T22:16:37.168] [DEBUG] cheese - 查询失败
[2021-03-08T22:23:03.769] [DEBUG] cheese - login => username:admin,password:123456
[2021-03-08T22:23:03.770] [DEBUG] cheese - admin
[2021-03-08T22:23:03.912] [DEBUG] cheese - { inspect: [Function: inspect] }
[2021-03-08T22:23:03.917] [DEBUG] cheese - 查询失败
[2021-03-08T22:23:04.853] [DEBUG] cheese - login => username:admin,password:123456
[2021-03-08T22:23:04.853] [DEBUG] cheese - admin
[2021-03-08T22:23:04.859] [DEBUG] cheese - { inspect: [Function: inspect] }
[2021-03-08T22:23:04.859] [DEBUG] cheese - 查询失败
[2021-03-08T22:23:05.652] [DEBUG] cheese - login => username:admin,password:123456
[2021-03-08T22:23:05.653] [DEBUG] cheese - admin
[2021-03-08T22:23:05.658] [DEBUG] cheese - { inspect: [Function: inspect] }
[2021-03-08T22:23:05.659] [DEBUG] cheese - 查询失败
[2021-03-08T22:23:05.788] [DEBUG] cheese - login => username:admin,password:123456
[2021-03-08T22:23:05.788] [DEBUG] cheese - admin
[2021-03-08T22:23:05.792] [DEBUG] cheese - { inspect: [Function: inspect] }
[2021-03-08T22:23:05.793] [DEBUG] cheese - 查询失败
[2021-03-08T22:23:05.924] [DEBUG] cheese - login => username:admin,password:123456
[2021-03-08T22:23:05.924] [DEBUG] cheese - admin
[2021-03-08T22:23:05.929] [DEBUG] cheese - { inspect: [Function: inspect] }
[2021-03-08T22:23:05.929] [DEBUG] cheese - 查询失败
[2021-03-08T22:23:06.076] [DEBUG] cheese - login => username:admin,password:123456
[2021-03-08T22:23:06.076] [DEBUG] cheese - admin
[2021-03-08T22:23:06.079] [DEBUG] cheese - { inspect: [Function: inspect] }
[2021-03-08T22:23:06.079] [DEBUG] cheese - 查询失败
[2021-03-08T22:32:49.193] [DEBUG] cheese - login => username:admin,password:123456
[2021-03-08T22:32:49.193] [DEBUG] cheese - admin
[2021-03-08T22:32:49.197] [DEBUG] cheese - { inspect: [Function: inspect] }
[2021-03-08T22:32:49.198] [DEBUG] cheese - 查询失败
[2021-03-08T22:37:05.898] [DEBUG] cheese - login => username:admin,password:123456
[2021-03-08T22:37:05.898] [DEBUG] cheese - admin
[2021-03-08T22:37:05.903] [DEBUG] cheese - { inspect: [Function: inspect] }
[2021-03-08T22:37:05.903] [DEBUG] cheese - 查询失败
[2021-03-08T22:44:52.120] [DEBUG] cheese - login => username:admin,password:123456
[2021-03-08T22:44:52.123] [DEBUG] cheese - admin
[2021-03-08T22:44:52.143] [DEBUG] cheese - { inspect: [Function: inspect] }
[2021-03-08T22:44:52.146] [DEBUG] cheese - 查询失败
[2021-03-08T22:45:05.758] [DEBUG] cheese - login => username:admin,password:123456
[2021-03-08T22:45:05.758] [DEBUG] cheese - admin
[2021-03-08T22:45:05.762] [DEBUG] cheese - { inspect: [Function: inspect] }
[2021-03-08T22:45:05.763] [DEBUG] cheese - 查询失败
[2021-03-08T22:45:07.090] [DEBUG] cheese - login => username:admin,password:123456
[2021-03-08T22:45:07.090] [DEBUG] cheese - admin
[2021-03-08T22:45:07.093] [DEBUG] cheese - { inspect: [Function: inspect] }
[2021-03-08T22:45:07.094] [DEBUG] cheese - 查询失败
[2021-03-08T22:48:34.588] [DEBUG] cheese - login => username:admin,password:123456
[2021-03-08T22:48:34.592] [DEBUG] cheese - admin
[2021-03-08T22:48:34.676] [DEBUG] cheese - null
[2021-03-08T22:48:34.677] [DEBUG] cheese - null
[2021-03-08T22:52:55.264] [DEBUG] cheese - login => username:admin,password:123456
[2021-03-08T22:52:55.266] [DEBUG] cheese - admin
[2021-03-08T22:52:55.279] [DEBUG] cheese - null
[2021-03-08T22:52:55.280] [DEBUG] cheese - null
[2021-03-08T23:31:12.780] [DEBUG] cheese - login => username:admin,password:123456
[2021-03-08T23:31:12.782] [DEBUG] cheese - admin
[2021-03-08T23:31:12.793] [DEBUG] cheese - null
[2021-03-08T23:31:12.794] [DEBUG] cheese - null
[2021-03-09T12:52:09.871] [DEBUG] cheese - login => username:admin,password:123456
[2021-03-09T12:52:09.876] [DEBUG] cheese - admin
[2021-03-09T12:52:09.948] [DEBUG] cheese - null
[2021-03-09T12:52:09.950] [DEBUG] cheese - null
[2021-03-13T14:05:48.776] [DEBUG] cheese - login => username:admin,password:123456
[2021-03-13T14:05:48.777] [DEBUG] cheese - admin
[2021-03-13T14:05:48.961] [DEBUG] cheese - null
[2021-03-13T14:05:48.964] [DEBUG] cheese - null
[2021-03-13T14:25:29.495] [DEBUG] cheese - login => username:admin,password:123456
[2021-03-13T14:25:29.496] [DEBUG] cheese - admin
[2021-03-13T14:25:29.511] [DEBUG] cheese - null
[2021-03-13T14:25:29.511] [DEBUG] cheese - null
[2021-03-13T14:33:35.550] [DEBUG] cheese - login => username:admin,password:123456
[2021-03-13T14:33:35.550] [DEBUG] cheese - admin
[2021-03-13T14:33:35.553] [DEBUG] cheese - null
[2021-03-13T14:33:35.554] [DEBUG] cheese - null
[2021-03-13T14:42:55.666] [DEBUG] cheese - login => username:admin,password:123456
[2021-03-13T14:42:55.666] [DEBUG] cheese - admin
[2021-03-13T14:42:55.669] [DEBUG] cheese - null
[2021-03-13T14:42:55.669] [DEBUG] cheese - null
[2021-03-26T14:36:39.561] [DEBUG] cheese - login => username:admin,password:admin
[2021-03-26T14:36:39.563] [DEBUG] cheese - admin
[2021-03-26T14:36:41.461] [DEBUG] cheese - login => username:admin,password:admin
[2021-03-26T14:36:41.461] [DEBUG] cheese - admin
[2021-03-26T14:36:41.896] [DEBUG] cheese - null
[2021-03-26T14:36:41.898] [DEBUG] cheese - null
[2021-03-26T14:36:42.022] [DEBUG] cheese - null
[2021-03-26T14:36:42.022] [DEBUG] cheese - null
[2021-03-26T14:36:47.208] [DEBUG] cheese - login => username:admin,password:admin
[2021-03-26T14:36:47.208] [DEBUG] cheese - admin
[2021-03-26T14:36:47.212] [DEBUG] cheese - null
[2021-03-26T14:36:47.212] [DEBUG] cheese - null
[2021-03-26T14:36:49.581] [DEBUG] cheese - login => username:admin,password:admin
[2021-03-26T14:36:49.581] [DEBUG] cheese - admin
[2021-03-26T14:36:49.584] [DEBUG] cheese - null
[2021-03-26T14:36:49.584] [DEBUG] cheese - null
[2021-03-26T14:37:21.749] [DEBUG] cheese - login => username:admin,password:admin
[2021-03-26T14:37:21.749] [DEBUG] cheese - admin
[2021-03-26T14:37:21.758] [DEBUG] cheese - null
[2021-03-26T14:37:21.758] [DEBUG] cheese - null
[2021-03-26T14:37:25.884] [DEBUG] cheese - login => username:admin,password:admin12
[2021-03-26T14:37:25.885] [DEBUG] cheese - admin
[2021-03-26T14:37:25.887] [DEBUG] cheese - null
[2021-03-26T14:37:25.887] [DEBUG] cheese - null
[2021-03-26T14:37:45.917] [DEBUG] cheese - login => username:admin,password:admin
[2021-03-26T14:37:45.917] [DEBUG] cheese - admin
[2021-03-26T14:37:45.919] [DEBUG] cheese - null
[2021-03-26T14:37:45.919] [DEBUG] cheese - null
[2021-03-26T14:37:46.701] [DEBUG] cheese - login => username:admin,password:admin
[2021-03-26T14:37:46.701] [DEBUG] cheese - admin
[2021-03-26T14:37:46.703] [DEBUG] cheese - null
[2021-03-26T14:37:46.703] [DEBUG] cheese - null
[2021-03-26T14:37:49.109] [DEBUG] cheese - login => username:admin,password:admin123
[2021-03-26T14:37:49.109] [DEBUG] cheese - admin
[2021-03-26T14:37:49.111] [DEBUG] cheese - null
[2021-03-26T14:37:49.111] [DEBUG] cheese - null
[2021-03-26T14:37:50.950] [DEBUG] cheese - login => username:admin3,password:admin123
[2021-03-26T14:37:50.950] [DEBUG] cheese - admin3
[2021-03-26T14:37:50.953] [DEBUG] cheese - null
[2021-03-26T14:37:50.953] [DEBUG] cheese - null
[2021-03-26T14:53:45.976] [DEBUG] cheese - login => username:admin,password:admin
[2021-03-26T14:53:45.976] [DEBUG] cheese - admin
[2021-03-26T14:53:45.979] [DEBUG] cheese - null
[2021-03-26T14:53:45.979] [DEBUG] cheese - null
[2021-03-26T14:53:50.564] [DEBUG] cheese - login => username:admin,password:123456
[2021-03-26T14:53:50.564] [DEBUG] cheese - admin
[2021-03-26T14:53:50.568] [DEBUG] cheese - null
[2021-03-26T14:53:50.568] [DEBUG] cheese - null
[2021-03-26T14:54:26.795] [DEBUG] cheese - login => username:admin,password:123456
[2021-03-26T14:54:26.795] [DEBUG] cheese - admin
[2021-03-26T14:54:26.798] [DEBUG] cheese - null
[2021-03-26T14:54:26.798] [DEBUG] cheese - null
[2021-03-26T15:09:34.119] [DEBUG] cheese - login => username:admin,password:123456
[2021-03-26T15:09:34.119] [DEBUG] cheese - admin
[2021-03-26T15:09:34.123] [DEBUG] cheese - null
[2021-03-26T15:09:34.123] [DEBUG] cheese - null
[2021-03-26T15:10:24.908] [DEBUG] cheese - login => username:admin,password:123456
[2021-03-26T15:10:24.908] [DEBUG] cheese - admin
[2021-03-26T15:10:24.910] [DEBUG] cheese - null
[2021-03-26T15:10:24.911] [DEBUG] cheese - null
[2021-03-26T15:11:25.577] [DEBUG] cheese - login => username:admin,password:123456
[2021-03-26T15:11:25.577] [DEBUG] cheese - admin
[2021-03-26T15:11:25.579] [DEBUG] cheese - null
[2021-03-26T15:11:25.580] [DEBUG] cheese - null
[2021-03-26T15:12:39.698] [DEBUG] cheese - login => username:admin,password:123456
[2021-03-26T15:12:39.698] [DEBUG] cheese - admin
[2021-03-26T15:12:39.701] [DEBUG] cheese - null
[2021-03-26T15:12:39.701] [DEBUG] cheese - null
[2021-03-26T15:13:54.108] [DEBUG] cheese - login => username:admin,password:123456
[2021-03-26T15:13:54.108] [DEBUG] cheese - admin
[2021-03-26T15:13:54.110] [DEBUG] cheese - null
[2021-03-26T15:13:54.110] [DEBUG] cheese - null
[2021-03-26T15:24:13.657] [DEBUG] cheese - login => username:admin,password:123456
[2021-03-26T15:24:13.657] [DEBUG] cheese - admin
[2021-03-26T15:24:13.661] [DEBUG] cheese - null
[2021-03-26T15:24:13.661] [DEBUG] cheese - null
[2021-03-26T15:27:17.562] [DEBUG] cheese - login => username:admin,password:123456
[2021-03-26T15:27:17.563] [DEBUG] cheese - admin
[2021-03-26T15:27:17.565] [DEBUG] cheese - null
[2021-03-26T15:27:17.565] [DEBUG] cheese - null
[2021-03-26T16:22:13.970] [DEBUG] cheese - login => username:admin,password:123456
[2021-03-26T16:22:13.972] [DEBUG] cheese - admin
[2021-03-26T16:22:14.026] [DEBUG] cheese - null
[2021-03-26T16:22:14.027] [DEBUG] cheese - null
[2021-03-26T19:47:30.254] [DEBUG] cheese - login => username:admin,password:123456
[2021-03-26T19:47:30.254] [DEBUG] cheese - admin
[2021-03-26T19:47:30.264] [DEBUG] cheese - null
[2021-03-26T19:47:30.265] [DEBUG] cheese - null
[2021-03-26T19:48:19.397] [DEBUG] cheese - login => username:admin,password:123456
[2021-03-26T19:48:19.397] [DEBUG] cheese - admin
[2021-03-26T19:48:19.400] [DEBUG] cheese - null
[2021-03-26T19:48:19.400] [DEBUG] cheese - null
[2021-03-26T19:50:11.115] [DEBUG] cheese - login => username:admin,password:123456
[2021-03-26T19:50:11.115] [DEBUG] cheese - admin
[2021-03-26T19:50:11.119] [DEBUG] cheese - null
[2021-03-26T19:50:11.119] [DEBUG] cheese - null
[2021-03-26T19:54:31.152] [DEBUG] cheese - login => username:admin,password:123456
[2021-03-26T19:54:31.152] [DEBUG] cheese - admin
[2021-03-26T19:54:31.156] [DEBUG] cheese - null
[2021-03-26T19:54:31.156] [DEBUG] cheese - null
[2021-03-27T14:15:36.374] [DEBUG] cheese - login => username:admin,password:123456
[2021-03-27T14:15:36.376] [DEBUG] cheese - admin
[2021-03-27T14:15:36.494] [DEBUG] cheese - null
[2021-03-27T14:15:36.496] [DEBUG] cheese - null
[2021-03-27T14:41:12.005] [DEBUG] cheese - login => username:admin,password:123456
[2021-03-27T14:41:12.006] [DEBUG] cheese - admin
[2021-03-27T14:41:12.012] [DEBUG] cheese - null
[2021-03-27T14:41:12.012] [DEBUG] cheese - null
[2021-03-27T14:45:09.579] [DEBUG] cheese - login => username:admin,password:123456
[2021-03-27T14:45:09.580] [DEBUG] cheese - admin
[2021-03-27T14:45:09.583] [DEBUG] cheese - null
[2021-03-27T14:45:09.583] [DEBUG] cheese - null
[2021-03-27T14:46:52.868] [DEBUG] cheese - login => username:admin,password:123456
[2021-03-27T14:46:52.868] [DEBUG] cheese - admin
[2021-03-27T14:46:52.870] [DEBUG] cheese - null
[2021-03-27T14:46:52.870] [DEBUG] cheese - null
[2021-03-27T15:29:14.135] [DEBUG] cheese - login => username:admin,password:123456
[2021-03-27T15:29:14.137] [DEBUG] cheese - admin
[2021-03-27T15:29:14.142] [DEBUG] cheese - null
[2021-03-27T15:29:14.142] [DEBUG] cheese - null
[2021-03-28T11:23:14.206] [DEBUG] cheese - login => username:admin,password:123456
[2021-03-28T11:23:14.208] [DEBUG] cheese - admin
[2021-03-28T11:23:14.301] [DEBUG] cheese - null
[2021-03-28T11:23:14.304] [DEBUG] cheese - null
[2021-03-28T11:28:17.414] [DEBUG] cheese - login => username:admin,password:123456
[2021-03-28T11:28:17.415] [DEBUG] cheese - admin
[2021-03-28T11:28:17.420] [DEBUG] cheese - null
[2021-03-28T11:28:17.420] [DEBUG] cheese - null
[2021-03-28T14:54:18.284] [DEBUG] cheese - login => username:admin,password:123456
[2021-03-28T14:54:18.285] [DEBUG] cheese - admin
[2021-03-28T14:54:18.385] [DEBUG] cheese - null
[2021-03-28T14:54:18.386] [DEBUG] cheese - null
[2021-03-28T15:17:22.489] [DEBUG] cheese - login => username:admin,password:123456
[2021-03-28T15:17:22.489] [DEBUG] cheese - admin
[2021-03-28T15:17:22.492] [DEBUG] cheese - null
[2021-03-28T15:17:22.492] [DEBUG] cheese - null
[2021-03-28T15:18:12.722] [DEBUG] cheese - login => username:admin,password:123456
[2021-03-28T15:18:12.722] [DEBUG] cheese - admin
[2021-03-28T15:18:12.725] [DEBUG] cheese - null
[2021-03-28T15:18:12.725] [DEBUG] cheese - null
[2021-03-28T19:45:04.284] [DEBUG] cheese - null
[2021-03-28T19:45:22.015] [DEBUG] cheese - login => username:admin,password:123456
[2021-03-28T19:45:22.015] [DEBUG] cheese - admin
[2021-03-28T19:45:22.019] [DEBUG] cheese - null
[2021-03-28T19:45:22.019] [DEBUG] cheese - null
[2021-03-29T10:18:06.833] [DEBUG] cheese - login => username:admin,password:123456
[2021-03-29T10:18:06.836] [DEBUG] cheese - admin
[2021-03-29T10:18:06.903] [DEBUG] cheese - null
[2021-03-29T10:18:06.903] [DEBUG] cheese - null
[2021-03-29T11:06:20.157] [DEBUG] cheese - login => username:admin,password:123456
[2021-03-29T11:06:20.161] [DEBUG] cheese - admin
[2021-03-29T11:06:20.168] [DEBUG] cheese - null
[2021-03-29T11:06:20.169] [DEBUG] cheese - null
[2021-03-29T13:33:51.093] [DEBUG] cheese - login => username:admin,password:123456
[2021-03-29T13:33:51.095] [DEBUG] cheese - admin
[2021-03-29T13:33:51.104] [DEBUG] cheese - null
[2021-03-29T13:33:51.104] [DEBUG] cheese - null
[2021-03-29T19:35:03.277] [DEBUG] cheese - null
[2021-03-29T20:14:31.070] [DEBUG] cheese - null
[2021-03-29T20:23:00.674] [DEBUG] cheese - null
[2021-03-29T20:23:24.804] [DEBUG] cheese - null
[2021-03-29T20:24:08.791] [DEBUG] cheese - login => username:admin,password:123456
[2021-03-29T20:24:08.791] [DEBUG] cheese - admin
[2021-03-29T20:24:08.795] [DEBUG] cheese - null
[2021-03-29T20:24:08.796] [DEBUG] cheese - null
[2021-03-29T20:24:31.356] [DEBUG] cheese - null
[2021-03-29T20:33:53.006] [DEBUG] cheese - login => username:admin,password:123456
[2021-03-29T20:33:53.007] [DEBUG] cheese - admin
[2021-03-29T20:33:53.021] [DEBUG] cheese - null
[2021-03-29T20:33:53.022] [DEBUG] cheese - null
[2021-03-29T20:38:16.997] [DEBUG] cheese - login => username:admin,password:123456
[2021-03-29T20:38:16.999] [DEBUG] cheese - admin
[2021-03-29T20:38:17.017] [DEBUG] cheese - null
[2021-03-29T20:38:17.017] [DEBUG] cheese - null
[2021-03-31T19:57:09.519] [DEBUG] cheese - login => username:admin,password:123456
[2021-03-31T19:57:09.521] [DEBUG] cheese - admin
[2021-03-31T19:57:09.591] [DEBUG] cheese - null
[2021-03-31T19:57:09.592] [DEBUG] cheese - null
